
2019/04/01 13:29:19 container->run(Array
(
    [0] => 
    [1] => page
    [2] => 1
)
)
2019/04/01 13:29:19 ok
2019/04/01 13:29:19 pages page
2019/04/01 13:35:13 container->run(,page,1)
2019/04/01 13:35:13 ok
2019/04/01 13:35:13 pages page
2019/04/01 13:35:13  not callable
2019/04/01 13:35:13  not found
2019/04/01 13:35:51 container->run(,page,1)
2019/04/01 13:35:51 ok
2019/04/01 13:35:51 pages page
2019/04/01 13:35:51  not callable
2019/04/01 13:40:30 container->run(,page,1)
2019/04/01 13:40:30 pages page
2019/04/01 13:40:30 page not found
2019/04/01 13:41:07 container->run(,page,1)
2019/04/01 13:41:07 container->run(page,1)
2019/04/01 13:41:07 Undefined variable: menus
2019/04/01 13:45:25 container->run(,page,1)
2019/04/01 13:45:25 container->run(page,1)
2019/04/01 13:45:25 Undefined variable: menus
2019/04/01 13:46:37 container->run(,page,1)
2019/04/01 13:46:37 container->run(page,1)
2019/04/01 13:46:53 container->run(,page,2)
2019/04/01 13:46:53 container->run(page,2)
2019/04/01 13:47:00 container->run(,page,3)
2019/04/01 13:47:00 container->run(page,3)
2019/04/01 13:47:04 container->run(,page,4)
2019/04/01 13:47:04 container->run(page,4)
2019/04/01 13:47:07 container->run(,page,5)
2019/04/01 13:47:07 container->run(page,5)
2019/04/01 13:47:12 container->run(,page,6)
2019/04/01 13:47:12 container->run(page,6)
2019/04/05 09:27:11 container->run(,page,6)
2019/04/05 09:27:11 container->run(page,6)
2019/04/05 09:27:17 container->run(,page,2)
2019/04/05 09:27:17 container->run(page,2)
2019/04/05 09:44:31 container->run(,page,list)
2019/04/05 09:44:31 container->run(page,list)
2019/04/05 09:44:31 container->run(list)
2019/04/05 09:44:31 Array to string conversion
2019/04/05 09:45:18 container->run(,page,list)
2019/04/05 09:45:18 container->run(page,list)
2019/04/05 09:45:18 container->run(list)
2019/04/05 09:52:03 container->run(,page,list)
2019/04/05 09:52:03 container->run(page,list)
2019/04/05 09:52:03 container->run(list)
2019/04/05 09:52:10 container->run(,page,list)
2019/04/05 09:52:10 container->run(page,list)
2019/04/05 09:52:10 container->run(list)
2019/04/05 09:52:11 container->run(,page,num,name=undefined)
2019/04/05 09:52:11 container->run(page,num,name=undefined)
2019/04/05 09:52:11 container->run(num,name=undefined)
2019/04/05 09:52:33 container->run(,page,num,name=undefined)
2019/04/05 09:52:33 container->run(page,num,name=undefined)
2019/04/05 09:52:33 container->run(num,name=undefined)
2019/04/05 09:53:37 container->run(,page,list)
2019/04/05 09:53:37 container->run(page,list)
2019/04/05 09:53:37 container->run(list)
2019/04/05 09:53:37 container->run(,page,num,name=1)
2019/04/05 09:53:37 container->run(page,num,name=1)
2019/04/05 09:53:37 container->run(num,name=1)
2019/04/05 09:53:44 container->run(,page,list)
2019/04/05 09:53:44 container->run(page,list)
2019/04/05 09:53:44 container->run(list)
2019/04/05 09:53:44 container->run(,page,num,name=1)
2019/04/05 09:53:44 container->run(page,num,name=1)
2019/04/05 09:53:44 container->run(num,name=1)
2019/04/05 09:53:55 container->run(,page,num,name=2)
2019/04/05 09:53:55 container->run(page,num,name=2)
2019/04/05 09:53:55 container->run(num,name=2)
2019/04/05 09:54:31 container->run(,page,list)
2019/04/05 09:54:31 container->run(page,list)
2019/04/05 09:54:31 container->run(list)
2019/04/05 09:54:31 container->run(,page,num,1)
2019/04/05 09:54:31 container->run(page,num,1)
2019/04/05 09:54:31 container->run(num,1)
2019/04/05 09:54:41 container->run(,page,num,2)
2019/04/05 09:54:41 container->run(page,num,2)
2019/04/05 09:54:41 container->run(num,2)
2019/04/05 09:54:55 container->run(,page,num,3)
2019/04/05 09:54:55 container->run(page,num,3)
2019/04/05 09:54:55 container->run(num,3)
2019/04/05 09:56:15 container->run(,page,list)
2019/04/05 09:56:15 container->run(page,list)
2019/04/05 09:56:15 container->run(list)
2019/04/05 09:56:15 container->run(,page,num,1)
2019/04/05 09:56:15 container->run(page,num,1)
2019/04/05 09:56:15 container->run(num,1)
2019/04/05 09:56:24 container->run(,page,num,3)
2019/04/05 09:56:24 container->run(page,num,3)
2019/04/05 09:56:24 container->run(num,3)
2019/04/05 09:56:28 container->run(,page)
2019/04/05 09:56:28 container->run(page)
2019/04/05 09:59:25 container->run(,page,list)
2019/04/05 09:59:25 container->run(page,list)
2019/04/05 09:59:25 container->run(list)
2019/04/05 09:59:25 container->run(,page,num,1)
2019/04/05 09:59:25 container->run(page,num,1)
2019/04/05 09:59:25 container->run(num,1)
2019/04/05 16:27:40 container->run(,page,list)
2019/04/05 16:27:40 container->run(page,list)
2019/04/05 16:27:40 container->run(list)
2019/04/05 16:27:40 container->run(,page,num,1)
2019/04/05 16:27:40 container->run(page,num,1)
2019/04/05 16:27:40 container->run(num,1)
2019/04/05 16:28:26 container->run(,page,list)
2019/04/05 16:28:26 container->run(page,list)
2019/04/05 16:28:26 container->run(list)
2019/04/05 16:28:26 container->run(,page,num,1)
2019/04/05 16:28:26 container->run(page,num,1)
2019/04/05 16:28:26 container->run(num,1)
2019/04/05 16:28:34 container->run(,page,num,25)
2019/04/05 16:28:34 container->run(page,num,25)
2019/04/05 16:28:34 container->run(num,25)
2019/04/05 16:28:45 container->run(,page,num,1)
2019/04/05 16:28:45 container->run(page,num,1)
2019/04/05 16:28:45 container->run(num,1)
2019/04/05 16:37:45 container->run(,page,list)
2019/04/05 16:37:45 container->run(page,list)
2019/04/05 16:37:45 container->run(list)
2019/04/05 16:37:45 container->run(,page,num,1)
2019/04/05 16:37:45 container->run(page,num,1)
2019/04/05 16:37:45 container->run(num,1)
2019/04/05 16:41:54 container->run(,page,list)
2019/04/05 16:41:54 container->run(page,list)
2019/04/05 16:41:54 container->run(list)
2019/04/05 16:41:54 container->run(,page,num,1)
2019/04/05 16:41:54 container->run(page,num,1)
2019/04/05 16:41:54 container->run(num,1)
2019/04/05 16:43:40 container->run(,page,list)
2019/04/05 16:43:40 container->run(page,list)
2019/04/05 16:43:40 container->run(list)
2019/04/05 16:43:40 container->run(,page,num,1)
2019/04/05 16:43:40 container->run(page,num,1)
2019/04/05 16:43:40 container->run(num,1)
2019/04/05 16:44:42 container->run(,page,list)
2019/04/05 16:44:42 container->run(page,list)
2019/04/05 16:44:42 container->run(list)
2019/04/05 16:44:42 container->run(,page,num,1)
2019/04/05 16:44:42 container->run(page,num,1)
2019/04/05 16:44:42 container->run(num,1)
2019/04/05 16:45:32 container->run(,page,list)
2019/04/05 16:45:32 container->run(page,list)
2019/04/05 16:45:32 container->run(list)
2019/04/05 16:45:32 container->run(,page,num,1)
2019/04/05 16:45:32 container->run(page,num,1)
2019/04/05 16:45:32 container->run(num,1)
2019/04/08 13:08:30 container->run(,register,is)
2019/04/08 13:08:30 container->run(register,is)
2019/04/08 13:08:30 container->run(is)
2019/04/08 13:08:30 isregister 1
2019/04/08 13:08:36 container->run(,register,is)
2019/04/08 13:08:36 container->run(register,is)
2019/04/08 13:08:36 container->run(is)
2019/04/08 13:08:36 isregister 1
2019/04/08 13:09:28 container->run(,register,is)
2019/04/08 13:09:28 container->run(register,is)
2019/04/08 13:09:28 container->run(is)
2019/04/08 13:09:28 isregister 1
2019/04/08 13:09:35 container->run(,register,is)
2019/04/08 13:09:35 container->run(register,is)
2019/04/08 13:09:35 container->run(is)
2019/04/08 13:09:35 isregister 1
2019/04/08 13:10:24 container->run(,register,is)
2019/04/08 13:10:24 container->run(register,is)
2019/04/08 13:10:24 container->run(is)
2019/04/08 13:10:24 isregister 1
2019/04/08 13:11:08 container->run(,register,is)
2019/04/08 13:11:08 container->run(register,is)
2019/04/08 13:11:08 container->run(is)
2019/04/08 13:11:08 isregister 1
2019/04/08 13:12:05 container->run(,register,is)
2019/04/08 13:12:05 container->run(register,is)
2019/04/08 13:12:05 container->run(is)
2019/04/08 13:12:05 isregister 1
2019/04/08 13:12:50 container->run(,register,is)
2019/04/08 13:12:50 container->run(register,is)
2019/04/08 13:12:50 container->run(is)
2019/04/08 13:12:50 isregister 1
2019/04/08 13:15:06 container->run(,register,is)
2019/04/08 13:15:06 container->run(register,is)
2019/04/08 13:15:06 container->run(is)
2019/04/08 13:15:06 isregister 1
2019/04/08 13:15:26 container->run(,register,is)
2019/04/08 13:15:26 container->run(register,is)
2019/04/08 13:15:26 container->run(is)
2019/04/08 13:15:26 isregister 1
2019/04/08 13:16:59 container->run(,register,is)
2019/04/08 13:16:59 container->run(register,is)
2019/04/08 13:16:59 container->run(is)
2019/04/08 13:16:59 isregister 1
2019/04/08 13:16:59 container->run(,page,list)
2019/04/08 13:16:59 container->run(page,list)
2019/04/08 13:16:59 container->run(list)
2019/04/08 13:16:59 container->run(,page,num,1)
2019/04/08 13:16:59 container->run(page,num,1)
2019/04/08 13:16:59 container->run(num,1)
2019/04/08 13:17:05 container->run(,register,is)
2019/04/08 13:17:05 container->run(,page,list)
2019/04/08 13:17:05 container->run(register,is)
2019/04/08 13:17:05 container->run(is)
2019/04/08 13:17:05 container->run(page,list)
2019/04/08 13:17:05 isregister 1
2019/04/08 13:17:05 container->run(list)
2019/04/08 13:17:05 container->run(,page,num,1)
2019/04/08 13:17:05 container->run(page,num,1)
2019/04/08 13:17:05 container->run(num,1)
2019/04/08 13:17:27 container->run(,page,num,6)
2019/04/08 13:17:27 container->run(page,num,6)
2019/04/08 13:17:27 container->run(num,6)
2019/04/08 13:33:25 container->run(,page)
2019/04/08 13:33:25 container->run(page)
2019/04/08 13:33:25 POST page update
2019/04/08 13:34:06 container->run(,page)
2019/04/08 13:34:06 container->run(page)
2019/04/08 13:34:06 POST page update
2019/04/08 13:34:06 Undefined property: daoPages::$pages
2019/04/08 13:35:26 container->run(,page)
2019/04/08 13:35:26 container->run(page)
2019/04/08 13:35:26 POST page update
2019/04/08 13:35:26 file_get_contents(C:\Users\clhermit\Documents\perso\assotstd\api\..\datas\6.txt): failed to open stream: No such file or directory
2019/04/08 13:45:36 container->run(,page)
2019/04/08 13:45:36 container->run(page)
2019/04/08 13:45:36 POST page update
2019/04/08 13:45:36 Undefined variable: newResponse
2019/04/08 13:46:58 container->run(,page)
2019/04/08 13:46:58 container->run(page)
2019/04/08 13:46:58 POST page update
2019/04/08 13:46:58 pas de modification pour Projet Trek for smiles kids, on ne fait rien
2019/04/08 13:48:14 container->run(,page,num,2)
2019/04/08 13:48:14 container->run(page,num,2)
2019/04/08 13:48:14 container->run(num,2)
2019/04/08 13:48:18 container->run(,page,num,6)
2019/04/08 13:48:18 container->run(page,num,6)
2019/04/08 13:48:18 container->run(num,6)
2019/04/08 13:48:27 container->run(,page)
2019/04/08 13:48:27 container->run(page)
2019/04/08 13:48:28 POST page update
2019/04/08 14:05:48 container->run(,register,is)
2019/04/08 14:05:48 container->run(,page,list)
2019/04/08 14:05:48 container->run(register,is)
2019/04/08 14:05:48 container->run(page,list)
2019/04/08 14:05:49 container->run(is)
2019/04/08 14:05:49 container->run(list)
2019/04/08 14:05:49 isregister 1
2019/04/08 14:05:49 container->run(,page,num,1)
2019/04/08 14:05:49 container->run(page,num,1)
2019/04/08 14:05:49 container->run(num,1)
2019/04/08 14:08:08 container->run(,page,list)
2019/04/08 14:08:08 container->run(page,list)
2019/04/08 14:08:08 container->run(list)
2019/04/08 14:08:08 container->run(,page,num,1)
2019/04/08 14:08:08 container->run(page,num,1)
2019/04/08 14:08:08 container->run(num,1)
2019/04/08 14:12:07 container->run(,page,list)
2019/04/08 14:12:07 container->run(page,list)
2019/04/08 14:12:07 container->run(,register,is)
2019/04/08 14:12:07 container->run(list)
2019/04/08 14:12:07 container->run(register,is)
2019/04/08 14:12:07 container->run(is)
2019/04/08 14:12:07 isregister 1
2019/04/08 14:12:07 container->run(,page,num,1)
2019/04/08 14:12:07 container->run(page,num,1)
2019/04/08 14:12:07 container->run(num,1)
2019/04/08 14:14:32 container->run(,page,list)
2019/04/08 14:14:32 container->run(page,list)
2019/04/08 14:14:32 container->run(list)
2019/04/08 14:14:32 container->run(,page,num,1)
2019/04/08 14:14:32 container->run(page,num,1)
2019/04/08 14:14:32 container->run(num,1)
2019/04/08 14:15:32 container->run(,register,is)
2019/04/08 14:15:32 container->run(register,is)
2019/04/08 14:15:32 container->run(is)
2019/04/08 14:15:32 container->run(,page,list)
2019/04/08 14:15:32 isregister 1
2019/04/08 14:15:32 container->run(page,list)
2019/04/08 14:15:32 container->run(list)
2019/04/08 14:15:32 container->run(,page,num,1)
2019/04/08 14:15:32 container->run(page,num,1)
2019/04/08 14:15:32 container->run(num,1)
2019/04/08 14:16:05 container->run(,register,is)
2019/04/08 14:16:05 container->run(register,is)
2019/04/08 14:16:05 container->run(,page,list)
2019/04/08 14:16:05 container->run(is)
2019/04/08 14:16:05 container->run(page,list)
2019/04/08 14:16:05 isregister 1
2019/04/08 14:16:05 container->run(list)
2019/04/08 14:16:05 container->run(,page,num,1)
2019/04/08 14:16:05 container->run(page,num,1)
2019/04/08 14:16:05 container->run(num,1)
2019/04/08 14:17:03 container->run(,page)
2019/04/08 14:17:03 container->run(page)
2019/04/08 14:17:03 POST page update
2019/04/08 14:17:08 container->run(,page,num,2)
2019/04/08 14:17:08 container->run(page,num,2)
2019/04/08 14:17:08 container->run(num,2)
2019/04/08 14:17:10 container->run(,page,num,1)
2019/04/08 14:17:10 container->run(page,num,1)
2019/04/08 14:17:10 container->run(num,1)
2019/04/08 15:08:03 container->run(,register,is)
2019/04/08 15:08:03 container->run(,page,list)
2019/04/08 15:08:04 container->run(register,is)
2019/04/08 15:08:04 container->run(page,list)
2019/04/08 15:08:04 container->run(is)
2019/04/08 15:08:04 container->run(list)
2019/04/08 15:08:04 isregister 1
2019/04/08 15:08:04 container->run(,page,num,1)
2019/04/08 15:08:04 container->run(page,num,1)
2019/04/08 15:08:04 container->run(num,1)
2019/04/08 15:08:09 container->run(,register,is)
2019/04/08 15:08:09 container->run(register,is)
2019/04/08 15:08:09 container->run(is)
2019/04/08 15:08:09 isregister 1
2019/04/08 15:08:09 container->run(,page,list)
2019/04/08 15:08:09 container->run(page,list)
2019/04/08 15:08:09 container->run(list)
2019/04/08 15:08:09 container->run(,page,num,1)
2019/04/08 15:08:09 container->run(page,num,1)
2019/04/08 15:08:09 container->run(num,1)
2019/04/08 15:10:30 container->run(,page,list)
2019/04/08 15:10:30 container->run(page,list)
2019/04/08 15:10:30 container->run(list)
2019/04/08 15:10:30 container->run(,register,is)
2019/04/08 15:10:30 container->run(register,is)
2019/04/08 15:10:30 container->run(is)
2019/04/08 15:10:30 isregister 1
2019/04/08 15:10:30 container->run(,page,num,1)
2019/04/08 15:10:30 container->run(page,num,1)
2019/04/08 15:10:30 container->run(num,1)
2019/04/08 16:37:55 container->run(,)
2019/04/08 16:37:55  not found
2019/04/08 16:38:04 container->run(,pages,1)
2019/04/08 16:38:04 pages not found
2019/04/08 16:38:07 container->run(,page,1)
2019/04/08 16:38:07 container->run(page,1)
2019/04/08 16:38:07 1 not found
2019/04/08 16:38:15 container->run(,pages,num,1)
2019/04/08 16:38:15 pages not found
2019/04/08 16:38:37 container->run(,page,list)
2019/04/08 16:38:37 container->run(page,list)
2019/04/08 16:38:37 container->run(list)
2019/04/08 16:38:53 container->run(,register,is)
2019/04/08 16:38:53 container->run(register,is)
2019/04/08 16:38:53 container->run(is)
2019/04/08 16:38:53 isregister 1
2019/04/08 16:39:20 container->run(,register,is)
2019/04/08 16:39:20 container->run(register,is)
2019/04/08 16:39:20 container->run(is)
2019/04/08 16:39:20 isregister 
2019/04/08 16:39:50 container->run(,page,list)
2019/04/08 16:39:50 container->run(,register,is)
2019/04/08 16:39:50 container->run(list)
2019/04/08 16:39:50 container->run(register,is)
2019/04/08 16:39:50 container->run(is)
2019/04/08 16:39:50 isregister 
2019/04/08 16:39:50 container->run(,page,num,1)
2019/04/08 16:39:50 container->run(page,num,1)
2019/04/08 16:39:50 container->run(num,1)
2019/04/08 16:40:00 container->run(,page,num,2)
2019/04/08 16:40:00 container->run(page,num,2)
2019/04/08 16:40:00 container->run(num,2)
2019/04/08 16:40:02 container->run(,page,num,1)
2019/04/08 16:40:02 container->run(page,num,1)
2019/04/08 16:40:02 container->run(num,1)
2019/04/08 16:40:36 container->run(,register,is)
2019/04/08 16:40:36 container->run(register,is)
2019/04/08 16:40:36 container->run(is)
2019/04/08 16:40:36 container->run(,page,list)
2019/04/08 16:40:36 isregister 
2019/04/08 16:40:36 container->run(page,list)
2019/04/08 16:40:36 container->run(list)
2019/04/08 16:40:36 container->run(,page,num,1)
2019/04/08 16:40:36 container->run(page,num,1)
2019/04/08 16:40:36 container->run(num,1)
2019/04/08 16:43:23 container->run(,register,is)
2019/04/08 16:43:23 container->run(register,is)
2019/04/08 16:43:23 container->run(is)
2019/04/08 16:43:23 isregister 
2019/04/08 16:45:54 container->run(,register,is)
2019/04/08 16:45:54 container->run(register,is)
2019/04/08 16:45:54 container->run(is)
2019/04/08 16:45:54 isregister 
2019/04/08 16:47:14 container->run(,register)
2019/04/08 16:47:14 container->run(register)
2019/04/08 16:47:52 container->run(,register)
2019/04/08 16:47:52 container->run(register)
2019/04/08 16:47:52 Undefined index: login
2019/04/08 16:49:32 container->run(,register)
2019/04/08 16:49:32 container->run(register)
2019/04/08 16:49:32 Undefined index: login
2019/04/08 16:49:58 container->run(,register)
2019/04/08 16:49:58 container->run(register)
2019/04/08 16:49:58 registration nok
2019/04/08 16:50:11 container->run(,register)
2019/04/08 16:50:11 container->run(register)
2019/04/08 16:50:11 registration ok
2019/04/08 16:50:19 container->run(,register,is)
2019/04/08 16:50:19 container->run(register,is)
2019/04/08 16:50:19 container->run(is)
2019/04/08 16:50:19 isregister 1
2019/04/08 16:51:03 container->run(,register,is)
2019/04/08 16:51:03 container->run(register,is)
2019/04/08 16:51:03 container->run(is)
2019/04/08 16:51:03 isregister 1
2019/04/08 16:51:37 container->run(,register,is)
2019/04/08 16:51:37 container->run(register,is)
2019/04/08 16:51:37 container->run(is)
2019/04/08 16:51:37 isregister 
2019/04/08 16:51:50 container->run(,register)
2019/04/08 16:51:50 container->run(register)
2019/04/08 16:51:50 registration ok
2019/04/08 16:51:50 container->run(,register,is)
2019/04/08 16:51:50 container->run(register,is)
2019/04/08 16:51:51 container->run(is)
2019/04/08 16:51:51 isregister 1
2019/04/08 16:51:51 container->run(,page,list)
2019/04/08 16:51:51 container->run(page,list)
2019/04/08 16:51:51 container->run(list)
2019/04/08 16:51:51 container->run(,page,num,1)
2019/04/08 16:51:51 container->run(page,num,1)
2019/04/08 16:51:51 container->run(num,1)
2019/04/09 07:31:08 container->run(,register,is)
2019/04/09 07:31:08 container->run(register,is)
2019/04/09 07:31:08 container->run(is)
2019/04/09 07:31:08 isregister 1
2019/04/09 07:31:08 container->run(,page,list)
2019/04/09 07:31:08 container->run(page,list)
2019/04/09 07:31:08 container->run(list)
2019/04/09 07:31:08 container->run(,page,num,1)
2019/04/09 07:31:08 container->run(page,num,1)
2019/04/09 07:31:08 container->run(num,1)
2019/04/09 07:31:14 container->run(,unregister)
2019/04/09 07:31:14 container->run(unregister)
2019/04/09 07:31:14 container->run(,register,is)
2019/04/09 07:31:14 container->run(register,is)
2019/04/09 07:31:14 container->run(is)
2019/04/09 07:31:14 isregister 
2019/04/09 07:31:45 container->run(,register)
2019/04/09 07:31:45 container->run(register)
2019/04/09 07:31:45 registration nok
2019/04/09 07:31:45 container->run(,register,is)
2019/04/09 07:31:45 container->run(register,is)
2019/04/09 07:31:45 container->run(is)
2019/04/09 07:31:45 isregister 
2019/04/09 07:33:04 container->run(,register)
2019/04/09 07:33:04 container->run(register)
2019/04/09 07:33:04 registration nok
2019/04/09 07:33:04 container->run(,register,is)
2019/04/09 07:33:04 container->run(register,is)
2019/04/09 07:33:04 container->run(is)
2019/04/09 07:33:04 isregister 
2019/04/09 07:35:22 container->run(,register)
2019/04/09 07:35:22 container->run(register)
2019/04/09 07:35:22 registration nok
2019/04/09 07:35:22 container->run(,register,is)
2019/04/09 07:35:22 container->run(register,is)
2019/04/09 07:35:22 container->run(is)
2019/04/09 07:35:22 isregister 
2019/04/09 07:35:54 container->run(,register,is)
2019/04/09 07:35:54 container->run(register,is)
2019/04/09 07:35:54 container->run(is)
2019/04/09 07:35:54 isregister 
2019/04/09 07:35:56 container->run(,register)
2019/04/09 07:35:56 container->run(register)
2019/04/09 07:35:56 registration nok
2019/04/09 07:35:56 container->run(,register,is)
2019/04/09 07:35:56 container->run(register,is)
2019/04/09 07:35:56 container->run(is)
2019/04/09 07:35:56 isregister 
2019/04/09 07:38:03 container->run(,register,is)
2019/04/09 07:38:03 container->run(register,is)
2019/04/09 07:38:03 container->run(is)
2019/04/09 07:38:03 isregister 
2019/04/09 07:38:05 container->run(,register)
2019/04/09 07:38:05 container->run(register)
2019/04/09 07:38:05 registration nok
2019/04/09 07:38:05 container->run(,register,is)
2019/04/09 07:38:05 container->run(register,is)
2019/04/09 07:38:05 container->run(is)
2019/04/09 07:38:05 isregister 
